 
****************************************
Report : timing
        -path full
        -delay max
        -max_paths 1
Design : LBP
Version: O-2018.06
Date   : Thu Mar 20 23:09:05 2025
****************************************

Operating Conditions: slow   Library: slow
Wire Load Model Mode: top

  Startpoint: count_row_r_reg[3]
              (rising edge-triggered flip-flop clocked by clk)
  Endpoint: gray_addr[12]
            (output port clocked by clk)
  Path Group: clk
  Path Type: max

  Des/Clust/Port     Wire Load Model       Library
  ------------------------------------------------
  LBP                tsmc13_wl10           slow

  Point                                    Incr       Path
  -----------------------------------------------------------
  clock clk (rise edge)                    0.00       0.00
  clock network delay (ideal)              0.50       0.50
  count_row_r_reg[3]/CK (DFFRX4)           0.00       0.50 r
  count_row_r_reg[3]/Q (DFFRX4)            0.53       1.03 f
  U185/Y (OR2X4)                           0.21       1.24 f
  U390/Y (NOR2X8)                          0.20       1.44 r
  U164/Y (NAND3X1)                         0.20       1.63 f
  U203/Y (AND2X4)                          0.21       1.85 f
  U142/Y (NAND2X2)                         0.10       1.95 r
  U265/Y (NAND2X4)                         0.10       2.05 f
  U326/Y (BUFX20)                          0.35       2.40 f
  gray_addr[12] (out)                      0.00       2.40 f
  data arrival time                                   2.40

  clock clk (rise edge)                    4.00       4.00
  clock network delay (ideal)              0.50       4.50
  clock uncertainty                       -0.10       4.40
  output external delay                   -2.00       2.40
  data required time                                  2.40
  -----------------------------------------------------------
  data required time                                  2.40
  data arrival time                                  -2.40
  -----------------------------------------------------------
  slack (MET)                                         0.00


1
