 
****************************************
Report : area
Design : SME
Version: O-2018.06
Date   : Sat Oct 12 18:28:51 2024
****************************************

Library(s) Used:

    slow (File: /mnt/ds1515/cad/cell_library/CBDK_IC_Contest_v2.1/SynopsysDC/db/slow.db)

Number of ports:                          412
Number of nets:                          5299
Number of cells:                         4809
Number of combinational cells:           4467
Number of sequential cells:               340
Number of macros/black boxes:               0
Number of buf/inv:                        508
Number of references:                      85

Combinational area:              44998.073756
Buf/Inv area:                     3398.194754
Noncombinational area:           11703.572803
Macro/Black Box area:                0.000000
Net Interconnect area:          611056.398438

Total cell area:                 56701.646559
Total area:                     667758.044997
1
