 
****************************************
Report : timing
        -path full
        -delay max
        -max_paths 1
Design : SME
Version: O-2018.06
Date   : Sat Oct 12 18:28:51 2024
****************************************

Operating Conditions: slow   Library: slow
Wire Load Model Mode: top

  Startpoint: split_pos_r_reg[1]
              (rising edge-triggered flip-flop clocked by clk)
  Endpoint: match_r_reg
            (rising edge-triggered flip-flop clocked by clk)
  Path Group: clk
  Path Type: max

  Des/Clust/Port     Wire Load Model       Library
  ------------------------------------------------
  SME                tsmc13_wl10           slow

  Point                                                   Incr       Path
  --------------------------------------------------------------------------
  clock clk (rise edge)                                   0.00       0.00
  clock network delay (ideal)                             0.50       0.50
  split_pos_r_reg[1]/CK (DFFRX4)                          0.00       0.50 r
  split_pos_r_reg[1]/QN (DFFRX4)                          0.51       1.01 r
  U829/Y (NAND2BX4)                                       0.23       1.24 r
  U822/Y (INVX12)                                         0.13       1.36 f
  U1649/Y (AO22X1)                                        0.36       1.73 f
  U1650/Y (AOI221XL)                                      0.47       2.20 r
  U745/Y (OR2X1)                                          0.30       2.50 r
  U795/Y (NAND2X2)                                        0.14       2.64 f
  U793/Y (NOR4X4)                                         0.23       2.87 r
  U831/Y (NAND4X2)                                        0.23       3.10 f
  U979/Y (CLKBUFX3)                                       0.40       3.50 f
  U823/Y (CLKBUFX2)                                       0.44       3.94 f
  U741/Y (INVX3)                                          0.47       4.41 r
  U838/Y (NOR2XL)                                         0.34       4.75 f
  Comparator/pattern_array[56] (Comparator)               0.00       4.75 f
  Comparator/U2071/Y (CLKBUFX3)                           0.71       5.46 f
  Comparator/U22/Y (OR4X2)                                0.50       5.96 f
  Comparator/U226/Y (NOR3X2)                              0.30       6.26 r
  Comparator/U221/Y (INVXL)                               0.20       6.47 f
  Comparator/U222/Y (OAI33X4)                             0.67       7.14 r
  Comparator/U106/Y (CLKINVX1)                            0.32       7.46 f
  Comparator/U179/Y (NAND2XL)                             0.56       8.02 r
  Comparator/U178/Y (NAND2X2)                             0.34       8.37 f
  Comparator/U181/Y (AOI211X2)                            0.35       8.71 r
  Comparator/U6/Y (NAND2X2)                               0.23       8.94 f
  Comparator/U75/Y (NOR4X1)                               0.56       9.51 r
  Comparator/clz[29] (Comparator)                         0.00       9.51 r
  CLZ/clz[29] (Count_leading_zeros)                       0.00       9.51 r
  CLZ/U87/Y (NOR4X1)                                      0.30       9.80 f
  CLZ/U44/Y (AND4X4)                                      0.28      10.08 f
  CLZ/U11/Y (OR2X4)                                       0.19      10.28 f
  CLZ/U24/Y (NAND2X8)                                     0.12      10.40 r
  CLZ/U22/Y (OR2X1)                                       0.24      10.65 r
  CLZ/U21/Y (INVX3)                                       0.29      10.94 f
  CLZ/U32/Y (AOI22XL)                                     0.58      11.52 r
  CLZ/U17/Y (OAI221X2)                                    0.31      11.83 f
  CLZ/U66/Y (AOI211X1)                                    0.37      12.20 r
  CLZ/U28/Y (INVX3)                                       0.12      12.32 f
  CLZ/U33/Y (AO21X4)                                      0.22      12.54 f
  CLZ/U34/Y (NOR2X8)                                      0.09      12.63 r
  CLZ/U12/Y (NAND4X6)                                     0.21      12.84 f
  CLZ/U64/Y (OA21XL)                                      0.53      13.37 f
  CLZ/U80/Y (AND4X2)                                      0.45      13.81 f
  CLZ/U57/Y (NAND2X1)                                     0.41      14.23 r
  CLZ/U31/Y (OAI221X1)                                    0.37      14.60 f
  CLZ/U15/Y (NOR3BXL)                                     0.56      15.16 r
  CLZ/U14/Y (CLKBUFX3)                                    0.37      15.53 r
  CLZ/U53/Y (OAI2BB2X1)                                   0.27      15.80 r
  CLZ/U3/Y (BUFX4)                                        0.21      16.02 r
  CLZ/U36/Y (AND2X2)                                      0.21      16.23 r
  CLZ/U35/Y (AND2XL)                                      0.51      16.73 r
  CLZ/U39/Y (AND2XL)                                      0.55      17.28 r
  CLZ/U104/Y (XOR2X1)                                     0.38      17.66 r
  CLZ/U20/Y (AO22X1)                                      0.51      18.17 r
  CLZ/index[3] (Count_leading_zeros)                      0.00      18.17 r
  U803/S (ADDFHX4)                                        0.44      18.61 f
  U1662/Y (AOI211X1)                                      0.30      18.91 r
  U819/Y (INVX1)                                          0.16      19.07 f
  U1663/Y (OAI31XL)                                       0.26      19.33 r
  U1664/Y (AO21X1)                                        0.32      19.65 r
  U820/Y (OAI21X1)                                        0.15      19.79 f
  U1088/Y (AO22XL)                                        0.47      20.26 f
  match_r_reg/D (DFFRX2)                                  0.00      20.26 f
  data arrival time                                                 20.26

  clock clk (rise edge)                                  20.00      20.00
  clock network delay (ideal)                             0.50      20.50
  clock uncertainty                                      -0.10      20.40
  match_r_reg/CK (DFFRX2)                                 0.00      20.40 r
  library setup time                                     -0.14      20.26
  data required time                                                20.26
  --------------------------------------------------------------------------
  data required time                                                20.26
  data arrival time                                                -20.26
  --------------------------------------------------------------------------
  slack (MET)                                                        0.00


1
