 
****************************************
Report : timing
        -path full
        -delay max
        -max_paths 1
Design : huffman
Version: O-2018.06
Date   : Thu Dec 12 19:59:19 2024
****************************************

Operating Conditions: slow   Library: slow
Wire Load Model Mode: top

  Startpoint: gray_data[7]
              (input port clocked by clk)
  Endpoint: CNT_r_reg[0][6]
            (rising edge-triggered flip-flop clocked by clk)
  Path Group: clk
  Path Type: max

  Des/Clust/Port     Wire Load Model       Library
  ------------------------------------------------
  huffman            tsmc13_wl10           slow

  Point                                    Incr       Path
  -----------------------------------------------------------
  clock clk (rise edge)                    0.00       0.00
  clock network delay (ideal)              0.50       0.50
  input external delay                     5.00       5.50 f
  gray_data[7] (in)                        0.01       5.51 f
  U4426/Y (NOR4X1)                         0.31       5.82 r
  U2694/Y (NOR2BX1)                        0.60       6.42 r
  U2342/Y (NAND2X1)                        0.32       6.74 f
  U2332/Y (OR2X1)                          0.43       7.18 f
  U2329/Y (NOR4X1)                         0.64       7.82 r
  U2314/Y (NAND2X1)                        0.45       8.27 f
  U2304/Y (NOR2X1)                         0.58       8.85 r
  U2289/Y (NAND2X1)                        0.43       9.28 f
  U2275/Y (NOR2X2)                         0.37       9.64 r
  U2253/Y (NAND2X1)                        0.26       9.90 f
  U4907/Y (XNOR2X1)                        0.27      10.17 r
  CNT_r_reg[0][6]/D (DFFRX2)               0.00      10.17 r
  data arrival time                                  10.17

  clock clk (rise edge)                   10.00      10.00
  clock network delay (ideal)              0.50      10.50
  clock uncertainty                       -0.10      10.40
  CNT_r_reg[0][6]/CK (DFFRX2)              0.00      10.40 r
  library setup time                      -0.22      10.18
  data required time                                 10.18
  -----------------------------------------------------------
  data required time                                 10.18
  data arrival time                                 -10.17
  -----------------------------------------------------------
  slack (MET)                                         0.01


1
